[2021-09-17 14:10:41,091][__main__][INFO] - torch version: 1.8.1+cu102
[2021-09-17 14:10:41,092][__main__][INFO] - syft version: 0.5.0
[2021-09-17 14:10:41,092][__main__][INFO] - project_path: /mnt/batch/tasks/shared/LS_root/mounts/clusters/teslak80-56gbram/code/Users/dkn.work/split-learning-he
[2021-09-17 14:10:41,092][__main__][INFO] - output_path: /mnt/batch/tasks/shared/LS_root/mounts/clusters/teslak80-56gbram/code/Users/dkn.work/split-learning-he/outputs/2021-09-17/14-10-40
[2021-09-17 14:10:41,093][__main__][INFO] - batch_size: 32
total_batch: 414
epochs: 400
test_batch_size: 32
lr: 0.001
seed: 0
cuda: false
save_model: true
dry_run: true

[2021-09-17 14:10:44,028][utils.processes][INFO] - Epoch 1 --- 
[2021-09-17 14:10:45,967][utils.processes][INFO] - train loss:  0.0424, train accuracy:  23.295455
[2021-09-17 14:10:47,718][utils.processes][INFO] - test loss:  0.0423, test accuracy:  21.590909
[2021-09-17 14:10:49,353][utils.processes][INFO] - Epoch time: 5 seconds
[2021-09-17 14:10:49,353][utils.processes][INFO] - Epoch 2 --- 
[2021-09-17 14:10:51,222][utils.processes][INFO] - train loss:  0.0419, train accuracy:  27.272727
[2021-09-17 14:10:52,967][utils.processes][INFO] - test loss:  0.0419, test accuracy:  24.715909
[2021-09-17 14:10:54,751][utils.processes][INFO] - Epoch time: 5 seconds
[2021-09-17 14:10:54,752][utils.processes][INFO] - Epoch 3 --- 
[2021-09-17 14:10:56,616][utils.processes][INFO] - train loss:  0.0415, train accuracy:  29.261364
[2021-09-17 14:10:58,349][utils.processes][INFO] - test loss:  0.0414, test accuracy:  40.340909
[2021-09-17 14:11:00,051][utils.processes][INFO] - Epoch time: 5 seconds
[2021-09-17 14:11:00,051][utils.processes][INFO] - Epoch 4 --- 
[2021-09-17 14:11:01,924][utils.processes][INFO] - train loss:  0.0409, train accuracy:  40.909091
[2021-09-17 14:11:03,669][utils.processes][INFO] - test loss:  0.0406, test accuracy:  42.897727
[2021-09-17 14:11:05,797][utils.processes][INFO] - Epoch time: 5 seconds
[2021-09-17 14:11:05,797][utils.processes][INFO] - Epoch 5 --- 
[2021-09-17 14:11:07,670][utils.processes][INFO] - train loss:  0.0400, train accuracy:  42.045455
[2021-09-17 14:11:09,416][utils.processes][INFO] - test loss:  0.0396, test accuracy:  44.034091
[2021-09-17 14:11:10,848][utils.processes][INFO] - Epoch time: 5 seconds
[2021-09-17 14:11:11,269][utils.tools][INFO] - best train accuracy: 42.05 at epoch 5
[2021-09-17 14:11:11,269][utils.tools][INFO] - best test accuracy: 44.0341 at epoch 5
