[2021-09-17 14:07:37,579][__main__][INFO] - torch version: 1.8.1+cu102
[2021-09-17 14:07:37,579][__main__][INFO] - syft version: 0.5.0
[2021-09-17 14:07:37,579][__main__][INFO] - project_path: /mnt/batch/tasks/shared/LS_root/mounts/clusters/teslak80-56gbram/code/Users/dkn.work/split-learning-he
[2021-09-17 14:07:37,579][__main__][INFO] - output_path: /mnt/batch/tasks/shared/LS_root/mounts/clusters/teslak80-56gbram/code/Users/dkn.work/split-learning-he/outputs/2021-09-17/14-07-36
[2021-09-17 14:07:37,580][__main__][INFO] - batch_size: 32
total_batch: 414
epochs: 400
test_batch_size: 32
lr: 0.001
seed: 0
cuda: false
save_model: true
dry_run: true

[2021-09-17 14:07:40,956][utils.processes][INFO] - Epoch 1 --- 
[2021-09-17 14:07:42,909][utils.processes][INFO] - train loss:  0.0424, train accuracy:  23.295455
[2021-09-17 14:07:44,657][utils.processes][INFO] - test loss:  0.0423, test accuracy:  21.590909
[2021-09-17 14:07:47,539][utils.processes][INFO] - Epoch time: 6 seconds
[2021-09-17 14:07:47,539][utils.processes][INFO] - Epoch 2 --- 
[2021-09-17 14:07:49,410][utils.processes][INFO] - train loss:  0.0419, train accuracy:  27.272727
[2021-09-17 14:07:51,156][utils.processes][INFO] - test loss:  0.0419, test accuracy:  24.715909
[2021-09-17 14:07:53,267][utils.processes][INFO] - Epoch time: 5 seconds
[2021-09-17 14:07:53,267][utils.processes][INFO] - Epoch 3 --- 
[2021-09-17 14:07:55,142][utils.processes][INFO] - train loss:  0.0415, train accuracy:  29.261364
[2021-09-17 14:07:56,883][utils.processes][INFO] - test loss:  0.0414, test accuracy:  40.340909
[2021-09-17 14:07:58,552][utils.processes][INFO] - Epoch time: 5 seconds
[2021-09-17 14:07:58,553][utils.processes][INFO] - Epoch 4 --- 
[2021-09-17 14:08:00,428][utils.processes][INFO] - train loss:  0.0409, train accuracy:  40.909091
[2021-09-17 14:08:02,178][utils.processes][INFO] - test loss:  0.0406, test accuracy:  42.897727
[2021-09-17 14:08:03,866][utils.processes][INFO] - Epoch time: 5 seconds
[2021-09-17 14:08:03,867][utils.processes][INFO] - Epoch 5 --- 
[2021-09-17 14:08:05,761][utils.processes][INFO] - train loss:  0.0400, train accuracy:  42.045455
[2021-09-17 14:08:07,507][utils.processes][INFO] - test loss:  0.0396, test accuracy:  44.034091
[2021-09-17 14:08:08,979][utils.processes][INFO] - Epoch time: 5 seconds
[2021-09-17 14:08:09,206][utils.tools][INFO] - best train accuracy: 42.05 at epoch 5
[2021-09-17 14:08:09,206][utils.tools][INFO] - best test accuracy: 44.0341 at epoch 5
